[2025-07-12 11:55:41] WEBSOCKET_START - ConnectionID: reverse_shell_listener, Details: Reverse shell listener started on port 31229
[2025-07-12 11:55:41] AUTH_FAILURE - Username: unknown_user, Reason: invalid_token, IP: unknown
[2025-07-12 11:55:42] AUTH_FAILURE - Username: unknown_user, Reason: no_token_provided, IP: unknown
[2025-07-12 11:56:28] SESSION_CREATE - Username: Rust-Admin, Token: vndQM2Lv...
[2025-07-12 11:56:41] CLIENT_CONNECT - ID: 453d581d-caa0-478a-b889-ed2b0baf5051, Hostname: instance-mIFiS5e0, User: root, IP: 38.244.6.149, OS: linux
[2025-07-12 11:57:54] COMMAND_EXECUTE - Client: 453d581d-caa0-478a-b889-ed2b0baf5051, Command: whoami 
[2025-07-12 11:57:54] COMMAND_RESULT - Client: 453d581d-caa0-478a-b889-ed2b0baf5051, Command: whoami, ExitCode: 0, StdoutLines: 1, StderrLines: 0
[2025-07-12 11:58:03] COMMAND_EXECUTE - Client: 453d581d-caa0-478a-b889-ed2b0baf5051, Command: REVERSE_SHELL 
[2025-07-12 11:58:23] WEBSOCKET_CONNECT - ConnectionID: 5799dcb8-afd3-422a-bfb1-d1b79c2489f3, Details: Reverse shell connection from: 38.244.6.149:45738
[2025-07-12 11:58:50] FILE_LIST - Client: 453d581d-caa0-478a-b889-ed2b0baf5051, Path: /, Result: STARTED
[2025-07-12 11:59:09] FILE_LIST - Client: 453d581d-caa0-478a-b889-ed2b0baf5051, Path: /, Size: 38, Result: SUCCESS
[2025-07-12 11:59:35] COMMAND_EXECUTE - Client: 453d581d-caa0-478a-b889-ed2b0baf5051, Command: uname -a 
[2025-07-12 11:59:53] COMMAND_RESULT - Client: 453d581d-caa0-478a-b889-ed2b0baf5051, Command: uname -a, ExitCode: 0, StdoutLines: 1, StderrLines: 0
[2025-07-12 12:00:04] COMMAND_EXECUTE - Client: 453d581d-caa0-478a-b889-ed2b0baf5051, Command: REVERSE_SHELL 
[2025-07-12 12:00:37] WEBSOCKET_CONNECT - ConnectionID: 9e2a9a8e-6bfb-43c0-910d-f18c38997aeb, Details: Reverse shell connection from: 38.244.6.149:49022
[2025-07-12 12:02:55] WEBSOCKET_START - ConnectionID: reverse_shell_listener, Details: Reverse shell listener started on port 31229
[2025-07-12 12:02:55] AUTH_FAILURE - Username: unknown_user, Reason: invalid_token, IP: unknown
[2025-07-12 12:03:00] SESSION_CREATE - Username: Rust-Admin, Token: R1Qwzroy...
[2025-07-12 12:03:06] CLIENT_CONNECT - ID: acaa936f-d3dd-4b76-96e4-73e9dc13fad0, Hostname: instance-mIFiS5e0, User: root, IP: 38.244.6.149, OS: linux
[2025-07-12 12:06:07] WEBSOCKET_START - ConnectionID: reverse_shell_listener, Details: Reverse shell listener started on port 31229
[2025-07-12 12:06:18] AUTH_FAILURE - Username: unknown_user, Reason: invalid_token, IP: unknown
[2025-07-12 12:06:18] CLIENT_CONNECT - ID: 92a0703a-66a3-4d3f-a79e-4f739749065b, Hostname: instance-mIFiS5e0, User: root, IP: 38.244.6.149, OS: linux
[2025-07-12 12:06:20] SESSION_CREATE - Username: Rust-Admin, Token: 0yyAJrCl...
[2025-07-12 12:08:49] WEBSOCKET_START - ConnectionID: reverse_shell_listener, Details: Reverse shell listener started on port 31229
[2025-07-12 12:08:53] AUTH_FAILURE - Username: unknown_user, Reason: invalid_token, IP: unknown
[2025-07-12 12:08:56] SESSION_CREATE - Username: Rust-Admin, Token: lF0JnyxZ...
[2025-07-12 12:10:32] WEBSOCKET_START - ConnectionID: reverse_shell_listener, Details: Reverse shell listener started on port 31229
[2025-07-12 12:10:34] AUTH_FAILURE - Username: unknown_user, Reason: invalid_token, IP: unknown
[2025-07-12 12:10:37] SESSION_CREATE - Username: Rust-Admin, Token: 0tHgFz1P...
[2025-07-12 12:13:45] WEBSOCKET_START - ConnectionID: reverse_shell_listener, Details: Reverse shell listener started on port 31229
[2025-07-12 12:13:48] AUTH_FAILURE - Username: unknown_user, Reason: invalid_token, IP: unknown
[2025-07-12 12:13:52] SESSION_CREATE - Username: Rust-Admin, Token: 0Grw4LEm...
[2025-07-12 12:16:51] WEBSOCKET_START - ConnectionID: reverse_shell_listener, Details: Reverse shell listener started on port 31229
[2025-07-12 12:16:53] AUTH_FAILURE - Username: unknown_user, Reason: invalid_token, IP: unknown
[2025-07-12 12:16:56] SESSION_CREATE - Username: Rust-Admin, Token: HXUqSxki...
[2025-07-12 12:19:37] WEBSOCKET_START - ConnectionID: reverse_shell_listener, Details: Reverse shell listener started on port 31229
[2025-07-12 12:19:39] AUTH_FAILURE - Username: unknown_user, Reason: invalid_token, IP: unknown
[2025-07-12 12:19:42] SESSION_CREATE - Username: Rust-Admin, Token: 28n9auar...
[2025-07-12 12:22:19] WEBSOCKET_START - ConnectionID: reverse_shell_listener, Details: Reverse shell listener started on port 31229
[2025-07-12 12:22:44] AUTH_FAILURE - Username: unknown_user, Reason: invalid_token, IP: unknown
[2025-07-12 12:22:47] SESSION_CREATE - Username: Rust-Admin, Token: ip6vGd03...
[2025-07-12 12:24:18] AUTH_FAILURE - Username: unknown_user, Reason: no_token_provided, IP: unknown
[2025-07-12 12:25:31] AUTH_FAILURE - Username: unknown_user, Reason: no_token_provided, IP: unknown
[2025-07-12 12:25:36] WEBSOCKET_START - ConnectionID: reverse_shell_listener, Details: Reverse shell listener started on port 31229
[2025-07-12 12:25:38] AUTH_FAILURE - Username: unknown_user, Reason: invalid_token, IP: unknown
[2025-07-12 12:25:47] SESSION_CREATE - Username: Rust-Admin, Token: 9elQt9Ey...
[2025-07-12 12:27:10] WEBSOCKET_START - ConnectionID: reverse_shell_listener, Details: Reverse shell listener started on port 31229
[2025-07-12 12:27:12] AUTH_FAILURE - Username: unknown_user, Reason: invalid_token, IP: unknown
[2025-07-12 12:27:15] SESSION_CREATE - Username: Rust-Admin, Token: XyMOTkZM...
[2025-07-12 12:28:39] WEBSOCKET_START - ConnectionID: reverse_shell_listener, Details: Reverse shell listener started on port 31229
[2025-07-12 12:28:41] AUTH_FAILURE - Username: unknown_user, Reason: invalid_token, IP: unknown
[2025-07-12 12:28:44] SESSION_CREATE - Username: Rust-Admin, Token: KwLghMBF...
[2025-07-12 12:31:05] WEBSOCKET_START - ConnectionID: reverse_shell_listener, Details: Reverse shell listener started on port 31229
[2025-07-12 12:31:07] AUTH_FAILURE - Username: unknown_user, Reason: invalid_token, IP: unknown
[2025-07-12 12:31:11] SESSION_CREATE - Username: Rust-Admin, Token: 59Ab5HQ7...
[2025-07-12 12:33:02] WEBSOCKET_START - ConnectionID: reverse_shell_listener, Details: Reverse shell listener started on port 31229
[2025-07-12 12:33:03] AUTH_FAILURE - Username: unknown_user, Reason: invalid_token, IP: unknown
[2025-07-12 12:33:07] SESSION_CREATE - Username: Rust-Admin, Token: gxVITY9O...
[2025-07-12 12:34:03] WEBSOCKET_START - ConnectionID: reverse_shell_listener, Details: Reverse shell listener started on port 31229
[2025-07-12 12:34:32] WEBSOCKET_START - ConnectionID: reverse_shell_listener, Details: Reverse shell listener started on port 31229
[2025-07-12 12:34:32] AUTH_FAILURE - Username: unknown_user, Reason: invalid_token, IP: unknown
[2025-07-12 12:34:32] AUTH_FAILURE - Username: unknown_user, Reason: invalid_token, IP: unknown
[2025-07-12 12:34:33] AUTH_FAILURE - Username: unknown_user, Reason: invalid_token, IP: unknown
[2025-07-12 12:34:36] AUTH_FAILURE - Username: unknown_user, Reason: invalid_token, IP: unknown
[2025-07-12 12:34:39] SESSION_CREATE - Username: Rust-Admin, Token: RTuZ9pTu...
[2025-07-12 12:35:44] WEBSOCKET_START - ConnectionID: reverse_shell_listener, Details: Reverse shell listener started on port 31229
[2025-07-12 12:35:47] AUTH_FAILURE - Username: unknown_user, Reason: invalid_token, IP: unknown
[2025-07-12 12:35:50] SESSION_CREATE - Username: Rust-Admin, Token: qGWhhOLw...
[2025-07-12 12:45:18] AUTH_FAILURE - Username: unknown_user, Reason: no_token_provided, IP: unknown
[2025-07-12 12:55:02] WEBSOCKET_START - ConnectionID: reverse_shell_listener, Details: Reverse shell listener started on port 31229
[2025-07-12 12:55:03] AUTH_FAILURE - Username: unknown_user, Reason: invalid_token, IP: unknown
[2025-07-12 12:55:03] CLIENT_CONNECT - ID: ab4d37f5-728a-42e4-80d3-36d94884f486, Hostname: instance-mIFiS5e0, User: root, IP: 38.244.6.149, OS: linux
[2025-07-12 12:55:07] AUTH_FAILURE - Username: unknown_user, Reason: invalid_token, IP: unknown
[2025-07-12 12:55:12] AUTH_FAILURE - Username: unknown_user, Reason: invalid_token, IP: unknown
[2025-07-12 12:55:15] AUTH_FAILURE - Username: unknown_user, Reason: invalid_token, IP: unknown
[2025-07-12 12:55:18] AUTH_FAILURE - Username: 1, Reason: invalid_credentials, IP: unknown
[2025-07-12 12:55:21] SESSION_CREATE - Username: Rust-Admin, Token: iGsLF38x...
[2025-07-12 12:55:38] FILE_LIST - Client: ab4d37f5-728a-42e4-80d3-36d94884f486, Path: /, Result: STARTED
[2025-07-12 12:56:05] FILE_LIST - Client: ab4d37f5-728a-42e4-80d3-36d94884f486, Path: /, Size: 38, Result: SUCCESS
[2025-07-12 12:56:17] FILE_DOWNLOAD - Client: ab4d37f5-728a-42e4-80d3-36d94884f486, Path: /wget-log, Result: STARTED
[2025-07-12 12:56:26] FILE_DOWNLOAD - Client: ab4d37f5-728a-42e4-80d3-36d94884f486, Path: /wget-log.4, Result: STARTED
[2025-07-12 12:56:29] COMMAND_RESULT - Client: ab4d37f5-728a-42e4-80d3-36d94884f486, Command: DownloadFileInit, ExitCode: 127, StdoutLines: 0, StderrLines: 1
[2025-07-12 12:56:29] COMMAND_RESULT - Client: ab4d37f5-728a-42e4-80d3-36d94884f486, Command: DownloadFileInit, ExitCode: 127, StdoutLines: 0, StderrLines: 1
[2025-07-12 12:57:18] FILE_DOWNLOAD - Client: ab4d37f5-728a-42e4-80d3-36d94884f486, Path: /wget-log.4, Result: STARTED
[2025-07-12 12:57:53] COMMAND_RESULT - Client: ab4d37f5-728a-42e4-80d3-36d94884f486, Command: DownloadFileInit, ExitCode: 127, StdoutLines: 0, StderrLines: 1
[2025-07-12 12:58:19] FILE_DOWNLOAD - Client: ab4d37f5-728a-42e4-80d3-36d94884f486, Path: /wget-log.4, Result: STARTED
[2025-07-12 12:58:46] COMMAND_RESULT - Client: ab4d37f5-728a-42e4-80d3-36d94884f486, Command: DownloadFileInit, ExitCode: 127, StdoutLines: 0, StderrLines: 1
[2025-07-12 12:59:20] FILE_DOWNLOAD - Client: ab4d37f5-728a-42e4-80d3-36d94884f486, Path: /wget-log.4, Result: STARTED
[2025-07-12 12:59:22] COMMAND_RESULT - Client: ab4d37f5-728a-42e4-80d3-36d94884f486, Command: DownloadFileInit, ExitCode: 127, StdoutLines: 0, StderrLines: 1
